Running: C:\Xilinx\13.4\ISE_DS\ISE\bin\nt64\unwrapped\fuse.exe -intstyle ise -incremental -o D:/xilin/ALU/Tb_alu_isim_beh.exe -prj D:/xilin/ALU/Tb_alu_beh.prj work.Tb_alu 
ISim O.87xd (signature 0xc3576ebc)
Number of CPUs detected in this system: 4
Turning on mult-threading, number of parallel sub-compilation jobs: 8 
Determining compilation order of HDL files
Parsing VHDL file "D:/xilin/ALU/alu4bit.vhd" into library work
Parsing VHDL file "D:/xilin/ALU/a.vhd" into library work
Starting static elaboration
Completed static elaboration
Compiling package standard
Compiling package std_logic_1164
Compiling package numeric_std
Compiling architecture behavioral of entity alu [alu_default]
Compiling architecture behavior of entity tb_alu
Time Resolution for simulation is 1ps.
Waiting for 1 sub-compilation(s) to finish...
Compiled 6 VHDL Units
Built simulation executable D:/xilin/ALU/Tb_alu_isim_beh.exe
Fuse Memory Usage: 35248 KB
Fuse CPU Usage: 686 ms
