Command line:
   Tb_alu_isim_beh.exe
     -simmode  gui
     -simrunnum  0
     -socket  49173

Tue May 15 12:27:51 2018


 Elaboration Time: 0.0312 sec

 Current Memory Usage: 509.28 Meg

 Total Signals          : 8
 Total Nets             : 15
 Total Signal Drivers   : 4
 Total Blocks           : 4
 Total Primitive Blocks : 3
 Total Processes        : 2
 Total Traceable Variables  : 13
 Total Scalar Nets and Variables : 498
Total Line Count : 28

 Total Simulation Time: 0.0936 sec

 Current Memory Usage: 509.28 Meg

Tue May 15 12:38:07 2018

