
****** PlanAhead v13.4 (64-bit)
  **** Build 157570 by hdbuild on Fri Dec 16 13:06:31 MST 2011
    ** Copyright 1986-1999, 2001-2011 Xilinx, Inc. All Rights Reserved.

INFO: [Common-78] Attempting to get a license: PlanAhead
INFO: [Common-82] Got a license: PlanAhead
INFO: [Device-25] Loading parts and site information from C:/Xilinx/13.4/ISE_DS/PlanAhead\parts\arch.xmlParsing RTL primitives file [C:/Xilinx/13.4/ISE_DS/PlanAhead\parts\xilinx\rtl\prims\rtl_prims.xml]
Finished parsing RTL primitives file [C:/Xilinx/13.4/ISE_DS/PlanAhead\parts\xilinx\rtl\prims\rtl_prims.xml]
start_gui
starting gui ...
source D:/xilin/ALU/pa.fromNetlist.tcl
# create_project -name ALU -dir "D:/xilin/ALU/planAhead_run_2" -part xc3s500efg320-4
Parsing template File [C:/Xilinx/13.4/ISE_DS/ISE\data\projnav\templates\verilog.xml].
Finished parsing template File [C:/Xilinx/13.4/ISE_DS/ISE\data\projnav\templates\verilog.xml].
Parsing template File [C:/Xilinx/13.4/ISE_DS/ISE\data\projnav\templates\vhdl.xml].
Finished parsing template File [C:/Xilinx/13.4/ISE_DS/ISE\data\projnav\templates\vhdl.xml].
Parsing template File [C:/Xilinx/13.4/ISE_DS/ISE\data\projnav\templates\ucf.xml].
Finished parsing template File [C:/Xilinx/13.4/ISE_DS/ISE\data\projnav\templates\ucf.xml].
# set_property design_mode GateLvl [get_property srcset [current_run -impl]]
# set_property edif_top_file "D:/xilin/ALU/alu.ngc" [ get_property srcset [ current_run ] ]
# add_files -norecurse { {D:/xilin/ALU} }
# set_param project.pinAheadLayout  yes
# set_property target_constrs_file "alu.ucf" [current_fileset -constrset]
Adding file 'D:\xilin\ALU\alu.ucf' to fileset 'constrs_1'
# add_files [list {alu.ucf}] -fileset [get_property constrset [current_run]]
# open_netlist_design
Design is defaulting to srcset: sources_1
Design is defaulting to constrset: constrs_1
Design is defaulting to part: xc3s500efg320-4
Release 13.4 - ngc2edif O.87xd (nt64)
Copyright (c) 1995-2011 Xilinx, Inc.  All rights reserved.
Reading design alu.ngc ...
WARNING:NetListWriters:298 - No output is written to alu.xncf, ignored.
Processing design ...
   Preping design's networks ...
   Preping design's macros ...
  finished :Prep
Writing EDIF netlist file alu.edif ...
ngc2edif: Total memory usage is 85568 kilobytes

Parsing EDIF File [.\planAhead_run_2\ALU.data\cache\alu_ngc_742c64a4.edif]
Finished Parsing EDIF File [.\planAhead_run_2\ALU.data\cache\alu_ngc_742c64a4.edif]
INFO: [PlanAhead-430] Reading macro library C:/Xilinx/13.4/ISE_DS/PlanAhead\./parts/xilinx/spartan3e/spartan3e/hd_int_macros.edn
Parsing EDIF File [C:/Xilinx/13.4/ISE_DS/PlanAhead\./parts/xilinx/spartan3e/spartan3e/hd_int_macros.edn]
Finished Parsing EDIF File [C:/Xilinx/13.4/ISE_DS/PlanAhead\./parts/xilinx/spartan3e/spartan3e/hd_int_macros.edn]
Loading clock regions from C:/Xilinx/13.4/ISE_DS/PlanAhead\parts/xilinx/spartan3e/spartan3e/xc3s500e/ClockRegion.xml
Loading clock buffers from C:/Xilinx/13.4/ISE_DS/PlanAhead\parts/xilinx/spartan3e/spartan3e/xc3s500e/ClockBuffers.xml
Loading package from C:/Xilinx/13.4/ISE_DS/PlanAhead\parts/xilinx/spartan3e/spartan3e/xc3s500e/fg320/Package.xml
Loading io standards from C:/Xilinx/13.4/ISE_DS/PlanAhead\./parts/xilinx/spartan3e/IOStandards.xml
INFO: [Device-19] Loading pkg sso from C:/Xilinx/13.4/ISE_DS/PlanAhead\parts/xilinx/spartan3e/spartan3e/xc3s500e/fg320/SSORules.xml
Loading list of drcs for the architecture : C:/Xilinx/13.4/ISE_DS/PlanAhead\./parts/xilinx/spartan3e/spartan3e/drc.xml
INFO: [Timing-77] Reading timing library C:/Xilinx/13.4/ISE_DS/PlanAhead\parts/xilinx/spartan3e/spartan3e/spartan3e-4.lib.
INFO: [Timing-34] Done reading timing library C:/Xilinx/13.4/ISE_DS/PlanAhead\parts/xilinx/spartan3e/spartan3e/spartan3e-4.lib.
Parsing UCF File [D:\xilin\ALU\alu.ucf]
Finished Parsing UCF File [D:\xilin\ALU\alu.ucf]
INFO: [PlanAhead-566] Unisim Transformation Summary:
No Unisim elements were transformed.open_netlist_design: Time (s): 9.525w.  Memory (MB): 641.277p 130.531g
